09:07:36.605 [main] INFO  o.s.t.c.s.DefaultTestContextBootstrapper - Loaded default TestExecutionListener class names from location [META-INF/spring.factories]: [org.springframework.test.context.web.ServletTestExecutionListener, org.springframework.test.context.support.DirtiesContextBeforeModesTestExecutionListener, org.springframework.test.context.support.DependencyInjectionTestExecutionListener, org.springframework.test.context.support.DirtiesContextTestExecutionListener, org.springframework.test.context.transaction.TransactionalTestExecutionListener, org.springframework.test.context.jdbc.SqlScriptsTestExecutionListener]
09:07:36.644 [main] INFO  o.s.t.c.s.DefaultTestContextBootstrapper - Using TestExecutionListeners: [org.springframework.test.context.web.ServletTestExecutionListener@26d2f95b, org.springframework.test.context.support.DirtiesContextBeforeModesTestExecutionListener@64f0d946, org.springframework.test.context.support.DependencyInjectionTestExecutionListener@48b670, org.springframework.test.context.support.DirtiesContextTestExecutionListener@25c17335, org.springframework.test.context.transaction.TransactionalTestExecutionListener@3f72aff0, org.springframework.test.context.jdbc.SqlScriptsTestExecutionListener@27cd61b]
09:07:37.083 [main] INFO  o.s.b.f.xml.XmlBeanDefinitionReader - Loading XML bean definitions from class path resource [com/qbb/applicationContext-jdbc.xml]
09:07:37.602 [main] INFO  o.s.c.s.GenericApplicationContext - Refreshing org.springframework.context.support.GenericApplicationContext@7b5888f7: startup date [Thu Aug 24 09:07:37 CST 2017]; root of context hierarchy
09:07:38.289 [main] INFO  o.s.b.f.xml.XmlBeanDefinitionReader - Loading XML bean definitions from class path resource [conf/applicationProvider.xml]
09:07:38.965 [main] WARN  o.s.b.c.p.ConfigurationPropertiesBindingPostProcessor - Multiple PropertySourcesPlaceholderConfigurer beans registered [org.springframework.context.support.PropertySourcesPlaceholderConfigurer#0, org.springframework.context.support.PropertySourcesPlaceholderConfigurer#1], falling back to Environment
09:07:39.019 [main] INFO  o.h.validator.internal.util.Version - HV000001: Hibernate Validator 5.3.5.Final
09:07:39.974 [main] INFO  c.alibaba.druid.pool.DruidDataSource - {dataSource-1} inited
09:07:40.134 [main] INFO  c.alibaba.druid.pool.DruidDataSource - {dataSource-2} inited
09:07:41.948 [main] INFO  o.s.j.e.a.AnnotationMBeanExporter - Registering beans for JMX exposure on startup
09:07:41.950 [main] INFO  o.s.j.e.a.AnnotationMBeanExporter - Bean with name 'dataSource' has been autodetected for JMX exposure
09:07:41.950 [main] INFO  o.s.j.e.a.AnnotationMBeanExporter - Bean with name 'dataSource1' has been autodetected for JMX exposure
09:07:41.957 [main] INFO  o.s.j.e.a.AnnotationMBeanExporter - Located MBean 'dataSource': registering with JMX server as MBean [com.alibaba.druid.pool:name=dataSource,type=DruidDataSource]
09:07:41.958 [main] INFO  o.s.j.e.a.AnnotationMBeanExporter - Located MBean 'dataSource1': registering with JMX server as MBean [com.alibaba.druid.pool:name=dataSource1,type=DruidDataSource]
09:07:41.958 [main] INFO  o.s.b.a.e.jmx.EndpointMBeanExporter - Registering beans for JMX exposure on startup
09:07:41.962 [main] INFO  o.s.c.s.DefaultLifecycleProcessor - Starting beans in phase 0
09:07:41.964 [main] INFO  o.s.b.a.e.jmx.EndpointMBeanExporter - Located managed bean 'auditEventsEndpoint': registering with JMX server as MBean [org.springframework.boot:type=Endpoint,name=auditEventsEndpoint]
09:07:41.983 [main] INFO  o.s.b.a.e.jmx.EndpointMBeanExporter - Located managed bean 'requestMappingEndpoint': registering with JMX server as MBean [org.springframework.boot:type=Endpoint,name=requestMappingEndpoint]
09:07:41.998 [main] INFO  o.s.b.a.e.jmx.EndpointMBeanExporter - Located managed bean 'environmentEndpoint': registering with JMX server as MBean [org.springframework.boot:type=Endpoint,name=environmentEndpoint]
09:07:42.004 [main] INFO  o.s.b.a.e.jmx.EndpointMBeanExporter - Located managed bean 'healthEndpoint': registering with JMX server as MBean [org.springframework.boot:type=Endpoint,name=healthEndpoint]
09:07:42.009 [main] INFO  o.s.b.a.e.jmx.EndpointMBeanExporter - Located managed bean 'beansEndpoint': registering with JMX server as MBean [org.springframework.boot:type=Endpoint,name=beansEndpoint]
09:07:42.013 [main] INFO  o.s.b.a.e.jmx.EndpointMBeanExporter - Located managed bean 'infoEndpoint': registering with JMX server as MBean [org.springframework.boot:type=Endpoint,name=infoEndpoint]
09:07:42.018 [main] INFO  o.s.b.a.e.jmx.EndpointMBeanExporter - Located managed bean 'metricsEndpoint': registering with JMX server as MBean [org.springframework.boot:type=Endpoint,name=metricsEndpoint]
09:07:42.023 [main] INFO  o.s.b.a.e.jmx.EndpointMBeanExporter - Located managed bean 'traceEndpoint': registering with JMX server as MBean [org.springframework.boot:type=Endpoint,name=traceEndpoint]
09:07:42.028 [main] INFO  o.s.b.a.e.jmx.EndpointMBeanExporter - Located managed bean 'dumpEndpoint': registering with JMX server as MBean [org.springframework.boot:type=Endpoint,name=dumpEndpoint]
09:07:42.033 [main] INFO  o.s.b.a.e.jmx.EndpointMBeanExporter - Located managed bean 'autoConfigurationReportEndpoint': registering with JMX server as MBean [org.springframework.boot:type=Endpoint,name=autoConfigurationReportEndpoint]
09:07:42.037 [main] INFO  o.s.b.a.e.jmx.EndpointMBeanExporter - Located managed bean 'configurationPropertiesReportEndpoint': registering with JMX server as MBean [org.springframework.boot:type=Endpoint,name=configurationPropertiesReportEndpoint]
09:07:42.095 [main] INFO  o.s.t.c.t.TransactionContext - Began transaction (1) for test context [DefaultTestContext@5d01ea52 testClass = SqlParserTest, testInstance = com.qbb.data.SqlParserTest@28bedd32, testMethod = testSql@SqlParserTest, testException = [null], mergedContextConfiguration = [MergedContextConfiguration@1e23ce9f testClass = SqlParserTest, locations = '{classpath:/com/qbb/applicationContext-jdbc.xml}', classes = '{}', contextInitializerClasses = '[]', activeProfiles = '{}', propertySourceLocations = '{}', propertySourceProperties = '{}', contextLoader = 'org.springframework.test.context.support.DelegatingSmartContextLoader', parent = [null]]]; transaction manager [org.springframework.jdbc.datasource.DataSourceTransactionManager@58da5f4c]; rollback [true]
09:07:42.557 [main] INFO  o.s.t.c.t.TransactionContext - Rolled back transaction for test context [DefaultTestContext@5d01ea52 testClass = SqlParserTest, testInstance = com.qbb.data.SqlParserTest@28bedd32, testMethod = testSql@SqlParserTest, testException = [null], mergedContextConfiguration = [MergedContextConfiguration@1e23ce9f testClass = SqlParserTest, locations = '{classpath:/com/qbb/applicationContext-jdbc.xml}', classes = '{}', contextInitializerClasses = '[]', activeProfiles = '{}', propertySourceLocations = '{}', propertySourceProperties = '{}', contextLoader = 'org.springframework.test.context.support.DelegatingSmartContextLoader', parent = [null]]].
09:07:42.560 [Thread-2] INFO  o.s.c.s.GenericApplicationContext - Closing org.springframework.context.support.GenericApplicationContext@7b5888f7: startup date [Thu Aug 24 09:07:37 CST 2017]; root of context hierarchy
09:07:42.561 [Thread-2] INFO  o.s.c.s.DefaultLifecycleProcessor - Stopping beans in phase 0
09:07:42.612 [Thread-2] INFO  o.s.b.a.e.jmx.EndpointMBeanExporter - Unregistering JMX-exposed beans on shutdown
09:07:42.613 [Thread-2] INFO  o.s.b.a.e.jmx.EndpointMBeanExporter - Unregistering JMX-exposed beans
09:07:42.614 [Thread-2] INFO  o.s.j.e.a.AnnotationMBeanExporter - Unregistering JMX-exposed beans on shutdown
09:07:42.614 [Thread-2] INFO  o.s.j.e.a.AnnotationMBeanExporter - Unregistering JMX-exposed beans
09:07:42.628 [Thread-2] INFO  c.alibaba.druid.pool.DruidDataSource - {dataSource-2} closed
09:07:42.637 [Thread-2] INFO  c.alibaba.druid.pool.DruidDataSource - {dataSource-1} closed
09:09:21.929 [main] INFO  o.s.t.c.s.DefaultTestContextBootstrapper - Loaded default TestExecutionListener class names from location [META-INF/spring.factories]: [org.springframework.test.context.web.ServletTestExecutionListener, org.springframework.test.context.support.DirtiesContextBeforeModesTestExecutionListener, org.springframework.test.context.support.DependencyInjectionTestExecutionListener, org.springframework.test.context.support.DirtiesContextTestExecutionListener, org.springframework.test.context.transaction.TransactionalTestExecutionListener, org.springframework.test.context.jdbc.SqlScriptsTestExecutionListener]
09:09:21.953 [main] INFO  o.s.t.c.s.DefaultTestContextBootstrapper - Using TestExecutionListeners: [org.springframework.test.context.web.ServletTestExecutionListener@77011e14, org.springframework.test.context.support.DirtiesContextBeforeModesTestExecutionListener@6a5df015, org.springframework.test.context.support.DependencyInjectionTestExecutionListener@3d3d2941, org.springframework.test.context.support.DirtiesContextTestExecutionListener@7a5f89cf, org.springframework.test.context.transaction.TransactionalTestExecutionListener@1650b3cd, org.springframework.test.context.jdbc.SqlScriptsTestExecutionListener@c4c632d]
09:09:22.252 [main] INFO  o.s.b.f.xml.XmlBeanDefinitionReader - Loading XML bean definitions from class path resource [com/qbb/applicationContext-jdbc.xml]
09:09:22.648 [main] INFO  o.s.c.s.GenericApplicationContext - Refreshing org.springframework.context.support.GenericApplicationContext@d6e32d7: startup date [Thu Aug 24 09:09:22 CST 2017]; root of context hierarchy
09:09:23.215 [main] INFO  o.s.b.f.xml.XmlBeanDefinitionReader - Loading XML bean definitions from class path resource [conf/applicationProvider.xml]
09:09:23.825 [main] WARN  o.s.b.c.p.ConfigurationPropertiesBindingPostProcessor - Multiple PropertySourcesPlaceholderConfigurer beans registered [org.springframework.context.support.PropertySourcesPlaceholderConfigurer#0, org.springframework.context.support.PropertySourcesPlaceholderConfigurer#1], falling back to Environment
09:09:23.867 [main] INFO  o.h.validator.internal.util.Version - HV000001: Hibernate Validator 5.3.5.Final
09:09:24.723 [main] INFO  c.alibaba.druid.pool.DruidDataSource - {dataSource-1} inited
09:09:24.892 [main] INFO  c.alibaba.druid.pool.DruidDataSource - {dataSource-2} inited
09:09:26.252 [main] INFO  o.s.j.e.a.AnnotationMBeanExporter - Registering beans for JMX exposure on startup
09:09:26.253 [main] INFO  o.s.j.e.a.AnnotationMBeanExporter - Bean with name 'dataSource' has been autodetected for JMX exposure
09:09:26.253 [main] INFO  o.s.j.e.a.AnnotationMBeanExporter - Bean with name 'dataSource1' has been autodetected for JMX exposure
09:09:26.257 [main] INFO  o.s.j.e.a.AnnotationMBeanExporter - Located MBean 'dataSource': registering with JMX server as MBean [com.alibaba.druid.pool:name=dataSource,type=DruidDataSource]
09:09:26.258 [main] INFO  o.s.j.e.a.AnnotationMBeanExporter - Located MBean 'dataSource1': registering with JMX server as MBean [com.alibaba.druid.pool:name=dataSource1,type=DruidDataSource]
09:09:26.258 [main] INFO  o.s.b.a.e.jmx.EndpointMBeanExporter - Registering beans for JMX exposure on startup
09:09:26.261 [main] INFO  o.s.c.s.DefaultLifecycleProcessor - Starting beans in phase 0
09:09:26.263 [main] INFO  o.s.b.a.e.jmx.EndpointMBeanExporter - Located managed bean 'auditEventsEndpoint': registering with JMX server as MBean [org.springframework.boot:type=Endpoint,name=auditEventsEndpoint]
09:09:26.281 [main] INFO  o.s.b.a.e.jmx.EndpointMBeanExporter - Located managed bean 'requestMappingEndpoint': registering with JMX server as MBean [org.springframework.boot:type=Endpoint,name=requestMappingEndpoint]
09:09:26.299 [main] INFO  o.s.b.a.e.jmx.EndpointMBeanExporter - Located managed bean 'environmentEndpoint': registering with JMX server as MBean [org.springframework.boot:type=Endpoint,name=environmentEndpoint]
09:09:26.304 [main] INFO  o.s.b.a.e.jmx.EndpointMBeanExporter - Located managed bean 'healthEndpoint': registering with JMX server as MBean [org.springframework.boot:type=Endpoint,name=healthEndpoint]
09:09:26.309 [main] INFO  o.s.b.a.e.jmx.EndpointMBeanExporter - Located managed bean 'beansEndpoint': registering with JMX server as MBean [org.springframework.boot:type=Endpoint,name=beansEndpoint]
09:09:26.315 [main] INFO  o.s.b.a.e.jmx.EndpointMBeanExporter - Located managed bean 'infoEndpoint': registering with JMX server as MBean [org.springframework.boot:type=Endpoint,name=infoEndpoint]
09:09:26.320 [main] INFO  o.s.b.a.e.jmx.EndpointMBeanExporter - Located managed bean 'metricsEndpoint': registering with JMX server as MBean [org.springframework.boot:type=Endpoint,name=metricsEndpoint]
09:09:26.324 [main] INFO  o.s.b.a.e.jmx.EndpointMBeanExporter - Located managed bean 'traceEndpoint': registering with JMX server as MBean [org.springframework.boot:type=Endpoint,name=traceEndpoint]
09:09:26.328 [main] INFO  o.s.b.a.e.jmx.EndpointMBeanExporter - Located managed bean 'dumpEndpoint': registering with JMX server as MBean [org.springframework.boot:type=Endpoint,name=dumpEndpoint]
09:09:26.331 [main] INFO  o.s.b.a.e.jmx.EndpointMBeanExporter - Located managed bean 'autoConfigurationReportEndpoint': registering with JMX server as MBean [org.springframework.boot:type=Endpoint,name=autoConfigurationReportEndpoint]
09:09:26.336 [main] INFO  o.s.b.a.e.jmx.EndpointMBeanExporter - Located managed bean 'configurationPropertiesReportEndpoint': registering with JMX server as MBean [org.springframework.boot:type=Endpoint,name=configurationPropertiesReportEndpoint]
09:09:26.382 [main] INFO  o.s.t.c.t.TransactionContext - Began transaction (1) for test context [DefaultTestContext@66d0b7b4 testClass = DataTest, testInstance = com.qbb.data.DataTest@10ccbf28, testMethod = testSql@DataTest, testException = [null], mergedContextConfiguration = [MergedContextConfiguration@1bc7243a testClass = DataTest, locations = '{classpath:/com/qbb/applicationContext-jdbc.xml}', classes = '{}', contextInitializerClasses = '[]', activeProfiles = '{}', propertySourceLocations = '{}', propertySourceProperties = '{}', contextLoader = 'org.springframework.test.context.support.DelegatingSmartContextLoader', parent = [null]]]; transaction manager [org.springframework.jdbc.datasource.DataSourceTransactionManager@319db523]; rollback [true]
09:09:26.607 [main] INFO  o.s.t.c.t.TransactionContext - Rolled back transaction for test context [DefaultTestContext@66d0b7b4 testClass = DataTest, testInstance = com.qbb.data.DataTest@10ccbf28, testMethod = testSql@DataTest, testException = [null], mergedContextConfiguration = [MergedContextConfiguration@1bc7243a testClass = DataTest, locations = '{classpath:/com/qbb/applicationContext-jdbc.xml}', classes = '{}', contextInitializerClasses = '[]', activeProfiles = '{}', propertySourceLocations = '{}', propertySourceProperties = '{}', contextLoader = 'org.springframework.test.context.support.DelegatingSmartContextLoader', parent = [null]]].
09:09:26.613 [main] INFO  o.s.t.c.s.DefaultTestContextBootstrapper - Loaded default TestExecutionListener class names from location [META-INF/spring.factories]: [org.springframework.test.context.web.ServletTestExecutionListener, org.springframework.test.context.support.DirtiesContextBeforeModesTestExecutionListener, org.springframework.test.context.support.DependencyInjectionTestExecutionListener, org.springframework.test.context.support.DirtiesContextTestExecutionListener, org.springframework.test.context.transaction.TransactionalTestExecutionListener, org.springframework.test.context.jdbc.SqlScriptsTestExecutionListener]
09:09:26.614 [main] INFO  o.s.t.c.s.DefaultTestContextBootstrapper - Using TestExecutionListeners: [org.springframework.test.context.web.ServletTestExecutionListener@4d6c32dd, org.springframework.test.context.support.DirtiesContextBeforeModesTestExecutionListener@7a7f72e0, org.springframework.test.context.support.DependencyInjectionTestExecutionListener@454f0ef4, org.springframework.test.context.support.DirtiesContextTestExecutionListener@495ed8b8, org.springframework.test.context.transaction.TransactionalTestExecutionListener@71e63da9, org.springframework.test.context.jdbc.SqlScriptsTestExecutionListener@42da5caa]
09:09:26.629 [main] INFO  o.s.t.c.t.TransactionContext - Began transaction (1) for test context [DefaultTestContext@61f31fff testClass = SqlParserTest, testInstance = com.qbb.data.SqlParserTest@20b9d096, testMethod = testSql@SqlParserTest, testException = [null], mergedContextConfiguration = [MergedContextConfiguration@df9bf30 testClass = SqlParserTest, locations = '{classpath:/com/qbb/applicationContext-jdbc.xml}', classes = '{}', contextInitializerClasses = '[]', activeProfiles = '{}', propertySourceLocations = '{}', propertySourceProperties = '{}', contextLoader = 'org.springframework.test.context.support.DelegatingSmartContextLoader', parent = [null]]]; transaction manager [org.springframework.jdbc.datasource.DataSourceTransactionManager@319db523]; rollback [true]
09:09:26.876 [main] INFO  o.s.t.c.t.TransactionContext - Rolled back transaction for test context [DefaultTestContext@61f31fff testClass = SqlParserTest, testInstance = com.qbb.data.SqlParserTest@20b9d096, testMethod = testSql@SqlParserTest, testException = [null], mergedContextConfiguration = [MergedContextConfiguration@df9bf30 testClass = SqlParserTest, locations = '{classpath:/com/qbb/applicationContext-jdbc.xml}', classes = '{}', contextInitializerClasses = '[]', activeProfiles = '{}', propertySourceLocations = '{}', propertySourceProperties = '{}', contextLoader = 'org.springframework.test.context.support.DelegatingSmartContextLoader', parent = [null]]].
09:09:26.883 [Thread-2] INFO  o.s.c.s.GenericApplicationContext - Closing org.springframework.context.support.GenericApplicationContext@d6e32d7: startup date [Thu Aug 24 09:09:22 CST 2017]; root of context hierarchy
09:09:26.885 [Thread-2] INFO  o.s.c.s.DefaultLifecycleProcessor - Stopping beans in phase 0
09:09:26.887 [Thread-2] INFO  o.s.b.a.e.jmx.EndpointMBeanExporter - Unregistering JMX-exposed beans on shutdown
09:09:26.887 [Thread-2] INFO  o.s.b.a.e.jmx.EndpointMBeanExporter - Unregistering JMX-exposed beans
09:09:26.887 [Thread-2] INFO  o.s.j.e.a.AnnotationMBeanExporter - Unregistering JMX-exposed beans on shutdown
09:09:26.888 [Thread-2] INFO  o.s.j.e.a.AnnotationMBeanExporter - Unregistering JMX-exposed beans
09:09:26.899 [Thread-2] INFO  c.alibaba.druid.pool.DruidDataSource - {dataSource-2} closed
09:09:26.907 [Thread-2] INFO  c.alibaba.druid.pool.DruidDataSource - {dataSource-1} closed
18:21:32.128 [main] INFO  o.s.t.c.s.DefaultTestContextBootstrapper - Loaded default TestExecutionListener class names from location [META-INF/spring.factories]: [org.springframework.test.context.web.ServletTestExecutionListener, org.springframework.test.context.support.DirtiesContextBeforeModesTestExecutionListener, org.springframework.test.context.support.DependencyInjectionTestExecutionListener, org.springframework.test.context.support.DirtiesContextTestExecutionListener, org.springframework.test.context.transaction.TransactionalTestExecutionListener, org.springframework.test.context.jdbc.SqlScriptsTestExecutionListener]
18:21:32.156 [main] INFO  o.s.t.c.s.DefaultTestContextBootstrapper - Using TestExecutionListeners: [org.springframework.test.context.web.ServletTestExecutionListener@65c34565, org.springframework.test.context.support.DirtiesContextBeforeModesTestExecutionListener@77011e14, org.springframework.test.context.support.DependencyInjectionTestExecutionListener@6a5df015, org.springframework.test.context.support.DirtiesContextTestExecutionListener@3d3d2941, org.springframework.test.context.transaction.TransactionalTestExecutionListener@7a5f89cf, org.springframework.test.context.jdbc.SqlScriptsTestExecutionListener@1650b3cd]
18:21:32.481 [main] INFO  o.s.b.f.xml.XmlBeanDefinitionReader - Loading XML bean definitions from class path resource [com/qbb/applicationContext-jdbc.xml]
18:21:32.931 [main] INFO  o.s.c.s.GenericApplicationContext - Refreshing org.springframework.context.support.GenericApplicationContext@7770c84c: startup date [Thu Aug 24 18:21:32 CST 2017]; root of context hierarchy
18:21:33.520 [main] INFO  o.s.b.f.xml.XmlBeanDefinitionReader - Loading XML bean definitions from class path resource [conf/applicationProvider.xml]
18:21:34.326 [main] WARN  o.s.b.c.p.ConfigurationPropertiesBindingPostProcessor - Multiple PropertySourcesPlaceholderConfigurer beans registered [org.springframework.context.support.PropertySourcesPlaceholderConfigurer#0, org.springframework.context.support.PropertySourcesPlaceholderConfigurer#1], falling back to Environment
18:21:34.376 [main] INFO  o.h.validator.internal.util.Version - HV000001: Hibernate Validator 5.3.5.Final
18:21:35.330 [main] INFO  c.alibaba.druid.pool.DruidDataSource - {dataSource-1} inited
18:21:35.487 [main] INFO  c.alibaba.druid.pool.DruidDataSource - {dataSource-2} inited
18:21:37.296 [main] INFO  o.s.j.e.a.AnnotationMBeanExporter - Registering beans for JMX exposure on startup
18:21:37.297 [main] INFO  o.s.j.e.a.AnnotationMBeanExporter - Bean with name 'dataSource' has been autodetected for JMX exposure
18:21:37.298 [main] INFO  o.s.j.e.a.AnnotationMBeanExporter - Bean with name 'dataSource1' has been autodetected for JMX exposure
18:21:37.304 [main] INFO  o.s.j.e.a.AnnotationMBeanExporter - Located MBean 'dataSource': registering with JMX server as MBean [com.alibaba.druid.pool:name=dataSource,type=DruidDataSource]
18:21:37.306 [main] INFO  o.s.j.e.a.AnnotationMBeanExporter - Located MBean 'dataSource1': registering with JMX server as MBean [com.alibaba.druid.pool:name=dataSource1,type=DruidDataSource]
18:21:37.306 [main] INFO  o.s.b.a.e.jmx.EndpointMBeanExporter - Registering beans for JMX exposure on startup
18:21:37.310 [main] INFO  o.s.c.s.DefaultLifecycleProcessor - Starting beans in phase 0
18:21:37.312 [main] INFO  o.s.b.a.e.jmx.EndpointMBeanExporter - Located managed bean 'auditEventsEndpoint': registering with JMX server as MBean [org.springframework.boot:type=Endpoint,name=auditEventsEndpoint]
18:21:37.331 [main] INFO  o.s.b.a.e.jmx.EndpointMBeanExporter - Located managed bean 'requestMappingEndpoint': registering with JMX server as MBean [org.springframework.boot:type=Endpoint,name=requestMappingEndpoint]
18:21:37.349 [main] INFO  o.s.b.a.e.jmx.EndpointMBeanExporter - Located managed bean 'environmentEndpoint': registering with JMX server as MBean [org.springframework.boot:type=Endpoint,name=environmentEndpoint]
18:21:37.357 [main] INFO  o.s.b.a.e.jmx.EndpointMBeanExporter - Located managed bean 'healthEndpoint': registering with JMX server as MBean [org.springframework.boot:type=Endpoint,name=healthEndpoint]
18:21:37.363 [main] INFO  o.s.b.a.e.jmx.EndpointMBeanExporter - Located managed bean 'beansEndpoint': registering with JMX server as MBean [org.springframework.boot:type=Endpoint,name=beansEndpoint]
18:21:37.369 [main] INFO  o.s.b.a.e.jmx.EndpointMBeanExporter - Located managed bean 'infoEndpoint': registering with JMX server as MBean [org.springframework.boot:type=Endpoint,name=infoEndpoint]
18:21:37.375 [main] INFO  o.s.b.a.e.jmx.EndpointMBeanExporter - Located managed bean 'metricsEndpoint': registering with JMX server as MBean [org.springframework.boot:type=Endpoint,name=metricsEndpoint]
18:21:37.379 [main] INFO  o.s.b.a.e.jmx.EndpointMBeanExporter - Located managed bean 'traceEndpoint': registering with JMX server as MBean [org.springframework.boot:type=Endpoint,name=traceEndpoint]
18:21:37.385 [main] INFO  o.s.b.a.e.jmx.EndpointMBeanExporter - Located managed bean 'dumpEndpoint': registering with JMX server as MBean [org.springframework.boot:type=Endpoint,name=dumpEndpoint]
18:21:37.392 [main] INFO  o.s.b.a.e.jmx.EndpointMBeanExporter - Located managed bean 'autoConfigurationReportEndpoint': registering with JMX server as MBean [org.springframework.boot:type=Endpoint,name=autoConfigurationReportEndpoint]
18:21:37.396 [main] INFO  o.s.b.a.e.jmx.EndpointMBeanExporter - Located managed bean 'configurationPropertiesReportEndpoint': registering with JMX server as MBean [org.springframework.boot:type=Endpoint,name=configurationPropertiesReportEndpoint]
18:21:37.445 [main] INFO  o.s.t.c.t.TransactionContext - Began transaction (1) for test context [DefaultTestContext@5b657f4 testClass = DataTest, testInstance = com.qbb.data.DataTest@648571a, testMethod = testSql@DataTest, testException = [null], mergedContextConfiguration = [MergedContextConfiguration@1b565e71 testClass = DataTest, locations = '{classpath:/com/qbb/applicationContext-jdbc.xml}', classes = '{}', contextInitializerClasses = '[]', activeProfiles = '{}', propertySourceLocations = '{}', propertySourceProperties = '{}', contextLoader = 'org.springframework.test.context.support.DelegatingSmartContextLoader', parent = [null]]]; transaction manager [org.springframework.jdbc.datasource.DataSourceTransactionManager@5605fce7]; rollback [true]
18:21:37.639 [main] INFO  o.s.t.c.t.TransactionContext - Rolled back transaction for test context [DefaultTestContext@5b657f4 testClass = DataTest, testInstance = com.qbb.data.DataTest@648571a, testMethod = testSql@DataTest, testException = [null], mergedContextConfiguration = [MergedContextConfiguration@1b565e71 testClass = DataTest, locations = '{classpath:/com/qbb/applicationContext-jdbc.xml}', classes = '{}', contextInitializerClasses = '[]', activeProfiles = '{}', propertySourceLocations = '{}', propertySourceProperties = '{}', contextLoader = 'org.springframework.test.context.support.DelegatingSmartContextLoader', parent = [null]]].
18:21:37.644 [main] INFO  o.s.t.c.s.DefaultTestContextBootstrapper - Loaded default TestExecutionListener class names from location [META-INF/spring.factories]: [org.springframework.test.context.web.ServletTestExecutionListener, org.springframework.test.context.support.DirtiesContextBeforeModesTestExecutionListener, org.springframework.test.context.support.DependencyInjectionTestExecutionListener, org.springframework.test.context.support.DirtiesContextTestExecutionListener, org.springframework.test.context.transaction.TransactionalTestExecutionListener, org.springframework.test.context.jdbc.SqlScriptsTestExecutionListener]
18:21:37.644 [main] INFO  o.s.t.c.s.DefaultTestContextBootstrapper - Using TestExecutionListeners: [org.springframework.test.context.web.ServletTestExecutionListener@7572c2, org.springframework.test.context.support.DirtiesContextBeforeModesTestExecutionListener@1ec11eca, org.springframework.test.context.support.DependencyInjectionTestExecutionListener@18cc6f8c, org.springframework.test.context.support.DirtiesContextTestExecutionListener@15af5d0c, org.springframework.test.context.transaction.TransactionalTestExecutionListener@2c05c9f3, org.springframework.test.context.jdbc.SqlScriptsTestExecutionListener@300d8719]
18:21:37.666 [main] INFO  o.s.t.c.t.TransactionContext - Began transaction (1) for test context [DefaultTestContext@281077ac testClass = SqlParserTest, testInstance = com.qbb.data.SqlParserTest@5120d1c0, testMethod = testSql@SqlParserTest, testException = [null], mergedContextConfiguration = [MergedContextConfiguration@482092f4 testClass = SqlParserTest, locations = '{classpath:/com/qbb/applicationContext-jdbc.xml}', classes = '{}', contextInitializerClasses = '[]', activeProfiles = '{}', propertySourceLocations = '{}', propertySourceProperties = '{}', contextLoader = 'org.springframework.test.context.support.DelegatingSmartContextLoader', parent = [null]]]; transaction manager [org.springframework.jdbc.datasource.DataSourceTransactionManager@5605fce7]; rollback [true]
18:21:37.930 [main] INFO  o.s.t.c.t.TransactionContext - Rolled back transaction for test context [DefaultTestContext@281077ac testClass = SqlParserTest, testInstance = com.qbb.data.SqlParserTest@5120d1c0, testMethod = testSql@SqlParserTest, testException = [null], mergedContextConfiguration = [MergedContextConfiguration@482092f4 testClass = SqlParserTest, locations = '{classpath:/com/qbb/applicationContext-jdbc.xml}', classes = '{}', contextInitializerClasses = '[]', activeProfiles = '{}', propertySourceLocations = '{}', propertySourceProperties = '{}', contextLoader = 'org.springframework.test.context.support.DelegatingSmartContextLoader', parent = [null]]].
18:21:37.940 [Thread-2] INFO  o.s.c.s.GenericApplicationContext - Closing org.springframework.context.support.GenericApplicationContext@7770c84c: startup date [Thu Aug 24 18:21:32 CST 2017]; root of context hierarchy
18:21:37.942 [Thread-2] INFO  o.s.c.s.DefaultLifecycleProcessor - Stopping beans in phase 0
18:21:37.944 [Thread-2] INFO  o.s.b.a.e.jmx.EndpointMBeanExporter - Unregistering JMX-exposed beans on shutdown
18:21:37.944 [Thread-2] INFO  o.s.b.a.e.jmx.EndpointMBeanExporter - Unregistering JMX-exposed beans
18:21:37.945 [Thread-2] INFO  o.s.j.e.a.AnnotationMBeanExporter - Unregistering JMX-exposed beans on shutdown
18:21:37.945 [Thread-2] INFO  o.s.j.e.a.AnnotationMBeanExporter - Unregistering JMX-exposed beans
18:21:37.966 [Thread-2] INFO  c.alibaba.druid.pool.DruidDataSource - {dataSource-2} closed
18:21:37.974 [Thread-2] INFO  c.alibaba.druid.pool.DruidDataSource - {dataSource-1} closed
